<?xml version="1.0" encoding="UTF-8"?>
<!-- Generated by org.testng.reporters.JUnitReportReporter -->
<testsuite skipped="0" hostname="Saif" name="selenium.web.automation.ReadWriteDataFromXL" tests="1" failures="0" timestamp="25 Sep 2018 08:28:54 GMT" time="0.586" errors="0">
  <testcase name="readWriteXLFileTest" time="0.586" classname="selenium.web.automation.ReadWriteDataFromXL"/>
</testsuite> <!-- selenium.web.automation.ReadWriteDataFromXL -->
