<?xml version="1.0" encoding="UTF-8"?>
<!-- Generated by org.testng.reporters.JUnitReportReporter -->
<testsuite skipped="0" hostname="Saif" name="selenium.web.automation.Google_Search" tests="1" failures="0" timestamp="30 Aug 2018 21:59:34 GMT" time="12.983" errors="0">
  <testcase name="CheckSearchResult" time="12.983" classname="selenium.web.automation.Google_Search"/>
</testsuite> <!-- selenium.web.automation.Google_Search -->
