<?xml version="1.0" encoding="UTF-8"?>
<!-- Generated by org.testng.reporters.JUnitReportReporter -->
<testsuite skipped="0" hostname="Saif" name="selenium.web.automation.Practice" tests="4" failures="0" timestamp="21 Aug 2018 07:37:41 GMT" time="42.247" errors="0">
  <testcase name="DoubleClick" time="13.987" classname="selenium.web.automation.Practice"/>
  <testcase name="RinghtClick" time="17.000" classname="selenium.web.automation.Practice"/>
  <testcase name="WordCount" time="5.197" classname="selenium.web.automation.Practice"/>
  <testcase name="VerifyPageTitle" time="6.063" classname="selenium.web.automation.Practice"/>
</testsuite> <!-- selenium.web.automation.Practice -->
