<?xml version="1.0" encoding="UTF-8"?>
<!-- Generated by org.testng.reporters.JUnitReportReporter -->
<testsuite skipped="0" hostname="Saif" name="selenium.web.automation.ReadDataFromXL" tests="1" failures="0" timestamp="25 Sep 2018 07:16:32 GMT" time="1.106" errors="0">
  <testcase name="readXLFile" time="1.106" classname="selenium.web.automation.ReadDataFromXL"/>
</testsuite> <!-- selenium.web.automation.ReadDataFromXL -->
