<?xml version="1.0" encoding="UTF-8"?>
<!-- Generated by org.testng.reporters.JUnitReportReporter -->
<testsuite skipped="0" hostname="Saif" name="selenium.web.automation.JDBCConnectionMySql" tests="1" failures="0" timestamp="21 Sep 2018 05:57:32 GMT" time="0.243" errors="0">
  <testcase name="jdbcConnection" time="0.243" classname="selenium.web.automation.JDBCConnectionMySql"/>
</testsuite> <!-- selenium.web.automation.JDBCConnectionMySql -->
