<?xml version="1.0" encoding="UTF-8"?>
<!-- Generated by org.testng.reporters.JUnitReportReporter -->
<testsuite skipped="0" hostname="Saif" name="selenium.web.automation.JDBCConnectionSQL" tests="1" failures="0" timestamp="21 Sep 2018 06:31:16 GMT" time="0.628" errors="0">
  <testcase name="jdbcConnection" time="0.628" classname="selenium.web.automation.JDBCConnectionSQL"/>
</testsuite> <!-- selenium.web.automation.JDBCConnectionSQL -->
