<?xml version="1.0" encoding="UTF-8"?>
<!-- Generated by org.testng.reporters.JUnitReportReporter -->
<testsuite skipped="0" hostname="Saif" name="selenium.web.automation.DatePicker" tests="1" failures="0" timestamp="19 Sep 2018 07:09:47 GMT" time="12.160" errors="0">
  <testcase name="selectDate" time="12.160" classname="selenium.web.automation.DatePicker"/>
</testsuite> <!-- selenium.web.automation.DatePicker -->
